2012-04-30T02:13:14+0100: [Worker(delayed_job host:Matts-Laptop.local pid:74946)] Class#importFbLikes completed after 64.9527
2012-04-30T02:13:23+0100: [Worker(delayed_job host:Matts-Laptop.local pid:74946)] Class#getReleases completed after 9.3609
2012-04-30T02:13:25+0100: [Worker(delayed_job host:Matts-Laptop.local pid:74946)] Class#getReleases completed after 2.2339
2012-04-30T02:13:27+0100: [Worker(delayed_job host:Matts-Laptop.local pid:74946)] Class#getReleases failed with TypeError: can't convert String into Integer - 0 failed attempts
2012-04-30T02:13:27+0100: [Worker(delayed_job host:Matts-Laptop.local pid:74946)] Class#getReleases failed with TypeError: can't convert String into Integer - 0 failed attempts
2012-04-30T02:13:33+0100: [Worker(delayed_job host:Matts-Laptop.local pid:74946)] Class#getReleases completed after 5.9510
2012-04-30T02:13:34+0100: [Worker(delayed_job host:Matts-Laptop.local pid:74946)] Class#getReleases failed with NoMethodError: undefined method `[]' for nil:NilClass - 0 failed attempts
2012-04-30T02:13:35+0100: [Worker(delayed_job host:Matts-Laptop.local pid:74946)] Class#getReleases completed after 0.7958
2012-04-30T02:13:44+0100: [Worker(delayed_job host:Matts-Laptop.local pid:74946)] Class#getReleases completed after 9.5033
2012-04-30T02:13:45+0100: [Worker(delayed_job host:Matts-Laptop.local pid:74946)] Class#getReleases failed with TypeError: can't convert String into Integer - 0 failed attempts
2012-04-30T02:13:50+0100: [Worker(delayed_job host:Matts-Laptop.local pid:74946)] Class#getReleases completed after 4.9471
2012-04-30T02:14:00+0100: [Worker(delayed_job host:Matts-Laptop.local pid:74946)] Class#getReleases completed after 9.4294
2012-04-30T02:14:09+0100: [Worker(delayed_job host:Matts-Laptop.local pid:74946)] Class#getReleases completed after 9.4826
2012-04-30T02:14:21+0100: [Worker(delayed_job host:Matts-Laptop.local pid:74946)] Class#getReleases completed after 11.2877
2012-04-30T02:14:27+0100: [Worker(delayed_job host:Matts-Laptop.local pid:74946)] Class#getReleases completed after 6.7871
2012-04-30T02:14:28+0100: [Worker(delayed_job host:Matts-Laptop.local pid:74946)] Class#getReleases completed after 0.8329
2012-04-30T02:14:41+0100: [Worker(delayed_job host:Matts-Laptop.local pid:74946)] Class#getReleases completed after 12.7538
2012-04-30T02:14:44+0100: [Worker(delayed_job host:Matts-Laptop.local pid:74946)] Class#getReleases completed after 3.1642
2012-04-30T02:14:47+0100: [Worker(delayed_job host:Matts-Laptop.local pid:74946)] Class#getReleases completed after 3.2200
2012-04-30T02:14:51+0100: [Worker(delayed_job host:Matts-Laptop.local pid:74946)] Class#getReleases completed after 3.4404
2012-04-30T02:14:52+0100: [Worker(delayed_job host:Matts-Laptop.local pid:74946)] Class#getReleases failed with TypeError: can't convert String into Integer - 0 failed attempts
2012-04-30T02:14:58+0100: [Worker(delayed_job host:Matts-Laptop.local pid:74946)] Class#getReleases completed after 5.8437
2012-04-30T02:15:05+0100: [Worker(delayed_job host:Matts-Laptop.local pid:74946)] Class#getReleases completed after 7.8380
2012-04-30T02:15:06+0100: [Worker(delayed_job host:Matts-Laptop.local pid:74946)] Class#getReleases failed with TypeError: can't convert String into Integer - 0 failed attempts
2012-04-30T02:15:16+0100: [Worker(delayed_job host:Matts-Laptop.local pid:74946)] Class#getReleases completed after 9.5385
2012-04-30T02:15:17+0100: [Worker(delayed_job host:Matts-Laptop.local pid:74946)] Class#getReleases completed after 0.6933
2012-04-30T02:15:21+0100: [Worker(delayed_job host:Matts-Laptop.local pid:74946)] Class#getReleases completed after 4.2324
2012-04-30T02:15:22+0100: [Worker(delayed_job host:Matts-Laptop.local pid:74946)] Class#getReleases completed after 0.8443
2012-04-30T02:15:33+0100: [Worker(delayed_job host:Matts-Laptop.local pid:74946)] Class#getReleases completed after 10.7561
2012-04-30T02:15:39+0100: [Worker(delayed_job host:Matts-Laptop.local pid:74946)] Class#getReleases completed after 6.6517
2012-04-30T02:15:50+0100: [Worker(delayed_job host:Matts-Laptop.local pid:74946)] Class#getReleases completed after 10.3325
2012-04-30T02:15:50+0100: [Worker(delayed_job host:Matts-Laptop.local pid:74946)] Class#getReleases failed with NoMethodError: undefined method `[]' for nil:NilClass - 0 failed attempts
2012-04-30T02:15:50+0100: [Worker(delayed_job host:Matts-Laptop.local pid:74946)] Class#getReleases failed with NoMethodError: undefined method `[]' for nil:NilClass - 0 failed attempts
2012-04-30T02:15:51+0100: [Worker(delayed_job host:Matts-Laptop.local pid:74946)] Class#getReleases failed with TypeError: can't convert String into Integer - 0 failed attempts
2012-04-30T02:15:52+0100: [Worker(delayed_job host:Matts-Laptop.local pid:74946)] Class#getReleases failed with TypeError: can't convert String into Integer - 0 failed attempts
2012-04-30T02:16:03+0100: [Worker(delayed_job host:Matts-Laptop.local pid:74946)] Class#getReleases completed after 11.2076
2012-04-30T02:16:06+0100: [Worker(delayed_job host:Matts-Laptop.local pid:74946)] Class#getReleases completed after 2.9329
2012-04-30T02:16:16+0100: [Worker(delayed_job host:Matts-Laptop.local pid:74946)] Class#getReleases completed after 9.9287
2012-04-30T02:16:23+0100: [Worker(delayed_job host:Matts-Laptop.local pid:74946)] Class#getReleases completed after 6.6622
2012-04-30T02:16:24+0100: [Worker(delayed_job host:Matts-Laptop.local pid:74946)] Class#getReleases failed with NoMethodError: undefined method `[]' for nil:NilClass - 0 failed attempts
2012-04-30T02:16:35+0100: [Worker(delayed_job host:Matts-Laptop.local pid:74946)] Class#getReleases completed after 10.9066
2012-04-30T02:16:42+0100: [Worker(delayed_job host:Matts-Laptop.local pid:74946)] Class#getReleases completed after 7.4305
2012-04-30T02:16:50+0100: [Worker(delayed_job host:Matts-Laptop.local pid:74946)] Class#getReleases completed after 8.2693
2012-04-30T02:16:54+0100: [Worker(delayed_job host:Matts-Laptop.local pid:74946)] Class#getReleases completed after 3.7873
2012-04-30T02:17:02+0100: [Worker(delayed_job host:Matts-Laptop.local pid:74946)] Class#getReleases completed after 7.7738
2012-04-30T02:17:05+0100: [Worker(delayed_job host:Matts-Laptop.local pid:74946)] Class#getReleases completed after 2.8450
2012-04-30T02:17:08+0100: [Worker(delayed_job host:Matts-Laptop.local pid:74946)] Class#getReleases completed after 2.7906
2012-04-30T02:17:18+0100: [Worker(delayed_job host:Matts-Laptop.local pid:74946)] Class#getReleases completed after 10.8604
2012-04-30T02:17:19+0100: [Worker(delayed_job host:Matts-Laptop.local pid:74946)] Class#getReleases failed with TypeError: can't convert String into Integer - 0 failed attempts
2012-04-30T02:17:20+0100: [Worker(delayed_job host:Matts-Laptop.local pid:74946)] Class#getReleases completed after 0.9662
2012-04-30T02:17:28+0100: [Worker(delayed_job host:Matts-Laptop.local pid:74946)] Class#getReleases completed after 8.3146
2012-04-30T02:17:29+0100: [Worker(delayed_job host:Matts-Laptop.local pid:74946)] Class#getReleases failed with TypeError: can't convert String into Integer - 1 failed attempts
2012-04-30T02:17:33+0100: [Worker(delayed_job host:Matts-Laptop.local pid:74946)] Class#getReleases failed with TypeError: can't convert String into Integer - 1 failed attempts
2012-04-30T02:17:34+0100: [Worker(delayed_job host:Matts-Laptop.local pid:74946)] Class#getReleases failed with NoMethodError: undefined method `[]' for nil:NilClass - 1 failed attempts
2012-04-30T02:17:35+0100: [Worker(delayed_job host:Matts-Laptop.local pid:74946)] Class#getReleases failed with TypeError: can't convert String into Integer - 1 failed attempts
2012-04-30T02:17:35+0100: [Worker(delayed_job host:Matts-Laptop.local pid:74946)] Class#getReleases failed with TypeError: can't convert String into Integer - 1 failed attempts
2012-04-30T02:17:37+0100: [Worker(delayed_job host:Matts-Laptop.local pid:74946)] Class#getReleases failed with TypeError: can't convert String into Integer - 1 failed attempts
2012-04-30T02:17:37+0100: [Worker(delayed_job host:Matts-Laptop.local pid:74946)] Class#getReleases failed with NoMethodError: undefined method `[]' for nil:NilClass - 1 failed attempts
2012-04-30T02:17:38+0100: [Worker(delayed_job host:Matts-Laptop.local pid:74946)] Class#getReleases failed with NoMethodError: undefined method `[]' for nil:NilClass - 1 failed attempts
2012-04-30T02:17:39+0100: [Worker(delayed_job host:Matts-Laptop.local pid:74946)] Class#getReleases failed with TypeError: can't convert String into Integer - 1 failed attempts
2012-04-30T02:17:40+0100: [Worker(delayed_job host:Matts-Laptop.local pid:74946)] Class#getReleases failed with TypeError: can't convert String into Integer - 1 failed attempts
2012-04-30T02:17:40+0100: [Worker(delayed_job host:Matts-Laptop.local pid:74946)] Class#getReleases failed with NoMethodError: undefined method `[]' for nil:NilClass - 1 failed attempts
2012-04-30T02:17:41+0100: [Worker(delayed_job host:Matts-Laptop.local pid:74946)] Class#getReleases failed with TypeError: can't convert String into Integer - 1 failed attempts
2012-04-30T02:17:41+0100: [Worker(delayed_job host:Matts-Laptop.local pid:74946)] 63 jobs processed at 0.1894 j/s, 24 failed ...
