Compiled jquery.js  (67ms)  (pid 26642)
Compiled jquery_ujs.js  (0ms)  (pid 26642)
Compiled ajax-form/jquery.form.js  (1ms)  (pid 26642)
Compiled artists.js  (207ms)  (pid 26642)
Compiled datepicker/bundle.js  (2ms)  (pid 26642)
Compiled datepicker/datepicker.js  (0ms)  (pid 26642)
Compiled datepicker/jquery.ui.core.js  (1ms)  (pid 26642)
Compiled datepicker/jquery.ui.datepicker.js  (2ms)  (pid 26642)
Compiled datepicker/jquery.ui.widget.js  (0ms)  (pid 26642)
Compiled fancybox/jquery.fancybox.js  (1ms)  (pid 26642)
Compiled labels.js  (4ms)  (pid 26642)
Compiled libs/jquery-1.7.1.js  (6ms)  (pid 26642)
Compiled libs/jquery-1.7.1.min.js  (1ms)  (pid 26642)
Compiled libs/modernizr-2.5.3.min.js  (0ms)  (pid 26642)
Compiled pages.js  (2ms)  (pid 26642)
Compiled plugins.js  (0ms)  (pid 26642)
Compiled releases.js  (0ms)  (pid 26642)
Compiled script.js  (0ms)  (pid 26642)
Compiled timers/jquery.timers.js  (0ms)  (pid 26642)
Compiled users.js  (0ms)  (pid 26642)
Compiled application.js  (862ms)  (pid 26642)
Compiled application.css  (1235ms)  (pid 26642)
Compiled jquery.js  (6ms)  (pid 26642)
Compiled jquery_ujs.js  (0ms)  (pid 26642)
Compiled ajax-form/jquery.form.js  (1ms)  (pid 26642)
Compiled artists.js  (99ms)  (pid 26642)
Compiled datepicker/bundle.js  (2ms)  (pid 26642)
Compiled datepicker/datepicker.js  (0ms)  (pid 26642)
Compiled datepicker/jquery.ui.core.js  (0ms)  (pid 26642)
Compiled datepicker/jquery.ui.datepicker.js  (2ms)  (pid 26642)
Compiled datepicker/jquery.ui.widget.js  (0ms)  (pid 26642)
Compiled fancybox/jquery.fancybox.js  (1ms)  (pid 26642)
Compiled labels.js  (3ms)  (pid 26642)
Compiled libs/jquery-1.7.1.js  (8ms)  (pid 26642)
Compiled libs/jquery-1.7.1.min.js  (2ms)  (pid 26642)
Compiled libs/modernizr-2.5.3.min.js  (0ms)  (pid 26642)
Compiled pages.js  (1ms)  (pid 26642)
Compiled plugins.js  (0ms)  (pid 26642)
Compiled releases.js  (1ms)  (pid 26642)
Compiled script.js  (0ms)  (pid 26642)
Compiled timers/jquery.timers.js  (0ms)  (pid 26642)
Compiled users.js  (1ms)  (pid 26642)
Compiled application.js  (469ms)  (pid 26642)
Compiled application.css  (1222ms)  (pid 26642)
Compiled ajax-form/jquery.form.js  (1ms)  (pid 26766)
Compiled jquery.js  (4ms)  (pid 26766)
Compiled jquery_ujs.js  (0ms)  (pid 26766)
Compiled artists.js  (80ms)  (pid 26766)
Compiled datepicker/bundle.js  (2ms)  (pid 26766)
Compiled datepicker/datepicker.js  (0ms)  (pid 26766)
Compiled datepicker/jquery.ui.core.js  (0ms)  (pid 26766)
Compiled datepicker/jquery.ui.datepicker.js  (2ms)  (pid 26766)
Compiled datepicker/jquery.ui.widget.js  (1ms)  (pid 26766)
Compiled fancybox/jquery.fancybox.js  (2ms)  (pid 26766)
Compiled labels.js  (3ms)  (pid 26766)
Compiled libs/jquery-1.7.1.js  (7ms)  (pid 26766)
Compiled libs/jquery-1.7.1.min.js  (3ms)  (pid 26766)
Compiled libs/modernizr-2.5.3.min.js  (0ms)  (pid 26766)
Compiled pages.js  (1ms)  (pid 26766)
Compiled plugins.js  (0ms)  (pid 26766)
Compiled releases.js  (0ms)  (pid 26766)
Compiled script.js  (0ms)  (pid 26766)
Compiled timers/jquery.timers.js  (0ms)  (pid 26766)
Compiled users.js  (0ms)  (pid 26766)
Compiled application.js  (430ms)  (pid 26766)
Compiled datepicker/datepicker_jqui.css  (0ms)  (pid 26766)
Compiled datepicker/demos.css  (0ms)  (pid 26766)
Compiled fancybox/jquery.fancybox.css  (0ms)  (pid 26766)
Compiled application.css  (1462ms)  (pid 26766)
Compiled ie.css  (2ms)  (pid 26766)
Compiled jquery-ui.js  (8ms)  (pid 26766)
Compiled jquery-ui.min.js  (2ms)  (pid 26766)
Compiled jquery.min.js  (1ms)  (pid 26766)
Compiled coffee-script.js  (1ms)  (pid 26766)
Compiled ajax-form/jquery.form.js  (1ms)  (pid 26766)
Compiled jquery.js  (4ms)  (pid 26766)
Compiled jquery_ujs.js  (0ms)  (pid 26766)
Compiled artists.js  (98ms)  (pid 26766)
Compiled datepicker/bundle.js  (1ms)  (pid 26766)
Compiled datepicker/datepicker.js  (0ms)  (pid 26766)
Compiled datepicker/jquery.ui.core.js  (0ms)  (pid 26766)
Compiled datepicker/jquery.ui.datepicker.js  (2ms)  (pid 26766)
Compiled datepicker/jquery.ui.widget.js  (0ms)  (pid 26766)
Compiled fancybox/jquery.fancybox.js  (1ms)  (pid 26766)
Compiled labels.js  (3ms)  (pid 26766)
Compiled libs/jquery-1.7.1.js  (18ms)  (pid 26766)
Compiled libs/jquery-1.7.1.min.js  (1ms)  (pid 26766)
Compiled libs/modernizr-2.5.3.min.js  (0ms)  (pid 26766)
Compiled pages.js  (1ms)  (pid 26766)
Compiled plugins.js  (0ms)  (pid 26766)
Compiled releases.js  (1ms)  (pid 26766)
Compiled script.js  (0ms)  (pid 26766)
Compiled timers/jquery.timers.js  (0ms)  (pid 26766)
Compiled users.js  (1ms)  (pid 26766)
Compiled application.js  (517ms)  (pid 26766)
Compiled datepicker/datepicker_jqui.css  (0ms)  (pid 26766)
Compiled datepicker/demos.css  (0ms)  (pid 26766)
Compiled fancybox/jquery.fancybox.css  (0ms)  (pid 26766)
Compiled application.css  (1488ms)  (pid 26766)
Compiled ie.css  (3ms)  (pid 26766)
Compiled jquery-ui.js  (13ms)  (pid 26766)
Compiled jquery-ui.min.js  (2ms)  (pid 26766)
Compiled jquery.min.js  (1ms)  (pid 26766)
Compiled coffee-script.js  (1ms)  (pid 26766)
Compiled ajax-form/jquery.form.js  (1ms)  (pid 32961)
Compiled jquery.js  (5ms)  (pid 32961)
Compiled jquery_ujs.js  (1ms)  (pid 32961)
Compiled artists.js  (128ms)  (pid 32961)
Compiled datepicker/bundle.js  (2ms)  (pid 32961)
Compiled datepicker/datepicker.js  (0ms)  (pid 32961)
Compiled datepicker/jquery.ui.core.js  (0ms)  (pid 32961)
Compiled datepicker/jquery.ui.datepicker.js  (2ms)  (pid 32961)
Compiled datepicker/jquery.ui.widget.js  (0ms)  (pid 32961)
Compiled fancybox/jquery.fancybox.js  (1ms)  (pid 32961)
Compiled labels.js  (2ms)  (pid 32961)
Compiled libs/jquery-1.7.1.js  (5ms)  (pid 32961)
Compiled libs/jquery-1.7.1.min.js  (1ms)  (pid 32961)
Compiled libs/modernizr-2.5.3.min.js  (0ms)  (pid 32961)
Compiled pages.js  (1ms)  (pid 32961)
Compiled plugins.js  (0ms)  (pid 32961)
Compiled releases.js  (1ms)  (pid 32961)
Compiled script.js  (0ms)  (pid 32961)
Compiled timers/jquery.timers.js  (0ms)  (pid 32961)
Compiled users.js  (1ms)  (pid 32961)
Compiled application.js  (641ms)  (pid 32961)
Compiled datepicker/datepicker_jqui.css  (0ms)  (pid 32961)
Compiled datepicker/demos.css  (0ms)  (pid 32961)
Compiled fancybox/jquery.fancybox.css  (0ms)  (pid 32961)
