/Users/bessey/Repos/sngtrkr/vendor/cache/ruby/1.9.1/gems/resque-1.20.0/lib/resque/helpers.rb:5:in `<top (required)>': [DEPRECATION] MultiJson.engine is deprecated and will be removed in the next major version. Use MultiJson.adapter instead.
/Users/bessey/Repos/sngtrkr/vendor/cache/ruby/1.9.1/gems/resque-1.20.0/lib/resque/helpers.rb:5:in `<top (required)>': [DEPRECATION] MultiJson.engine is deprecated and will be removed in the next major version. Use MultiJson.adapter instead.
rake aborted!
Connection refused - Unable to connect to Redis on 127.0.0.1:6379

Tasks: TOP => resque:work
(See full trace by running task with --trace)
rake aborted!
Connection refused - Unable to connect to Redis on 127.0.0.1:6379

Tasks: TOP => resque:work
(See full trace by running task with --trace)
/Users/bessey/Repos/sngtrkr/vendor/cache/ruby/1.9.1/gems/resque-1.20.0/lib/resque/helpers.rb:5:in `<top (required)>': [DEPRECATION] MultiJson.engine is deprecated and will be removed in the next major version. Use MultiJson.adapter instead.
/Users/bessey/Repos/sngtrkr/vendor/cache/ruby/1.9.1/gems/resque-1.20.0/lib/resque/helpers.rb:5:in `<top (required)>': [DEPRECATION] MultiJson.engine is deprecated and will be removed in the next major version. Use MultiJson.adapter instead.
/Users/bessey/Repos/sngtrkr/vendor/cache/ruby/1.9.1/gems/resque-1.20.0/lib/resque/helpers.rb:5:in `<top (required)>': [DEPRECATION] MultiJson.engine is deprecated and will be removed in the next major version. Use MultiJson.adapter instead.
/Users/bessey/Repos/sngtrkr/vendor/cache/ruby/1.9.1/gems/resque-1.20.0/lib/resque/helpers.rb:5:in `<top (required)>': [DEPRECATION] MultiJson.engine is deprecated and will be removed in the next major version. Use MultiJson.adapter instead.
rake aborted!
Connection refused - Unable to connect to Redis on 127.0.0.1:6379

Tasks: TOP => resque:work
(See full trace by running task with --trace)
/Users/bessey/Repos/sngtrkr/vendor/cache/ruby/1.9.1/gems/resque-1.20.0/lib/resque/helpers.rb:5:in `<top (required)>': [DEPRECATION] MultiJson.engine is deprecated and will be removed in the next major version. Use MultiJson.adapter instead.
/Users/bessey/Repos/sngtrkr/vendor/cache/ruby/1.9.1/gems/resque-1.20.0/lib/resque/helpers.rb:5:in `<top (required)>': [DEPRECATION] MultiJson.engine is deprecated and will be removed in the next major version. Use MultiJson.adapter instead.
rake aborted!
Connection refused - Unable to connect to Redis on 127.0.0.1:6379

Tasks: TOP => resque:work
(See full trace by running task with --trace)
/Users/bessey/Repos/sngtrkr/vendor/cache/ruby/1.9.1/gems/resque-1.20.0/lib/resque/helpers.rb:5:in `<top (required)>': [DEPRECATION] MultiJson.engine is deprecated and will be removed in the next major version. Use MultiJson.adapter instead.
/Users/bessey/Repos/sngtrkr/vendor/cache/ruby/1.9.1/gems/resque-1.20.0/lib/resque/helpers.rb:5:in `<top (required)>': [DEPRECATION] MultiJson.engine is deprecated and will be removed in the next major version. Use MultiJson.adapter instead.
/Users/bessey/Repos/sngtrkr/vendor/cache/ruby/1.9.1/gems/resque-1.20.0/lib/resque/helpers.rb:5:in `<top (required)>': [DEPRECATION] MultiJson.engine is deprecated and will be removed in the next major version. Use MultiJson.adapter instead.
/Users/bessey/Repos/sngtrkr/vendor/cache/ruby/1.9.1/gems/resque-1.20.0/lib/resque/helpers.rb:5:in `<top (required)>': [DEPRECATION] MultiJson.engine is deprecated and will be removed in the next major version. Use MultiJson.adapter instead.
/Users/bessey/Repos/sngtrkr/vendor/cache/ruby/1.9.1/gems/resque-1.20.0/lib/resque/helpers.rb:5:in `<top (required)>': [DEPRECATION] MultiJson.engine is deprecated and will be removed in the next major version. Use MultiJson.adapter instead.
/Users/bessey/Repos/sngtrkr/vendor/cache/ruby/1.9.1/gems/resque-1.20.0/lib/resque/helpers.rb:5:in `<top (required)>': [DEPRECATION] MultiJson.engine is deprecated and will be removed in the next major version. Use MultiJson.adapter instead.
/Users/bessey/Repos/sngtrkr/vendor/cache/ruby/1.9.1/gems/resque-1.20.0/lib/resque/helpers.rb:5:in `<top (required)>': [DEPRECATION] MultiJson.engine is deprecated and will be removed in the next major version. Use MultiJson.adapter instead.
/Users/bessey/Repos/sngtrkr/vendor/cache/ruby/1.9.1/gems/resque-1.20.0/lib/resque/helpers.rb:5:in `<top (required)>': [DEPRECATION] MultiJson.engine is deprecated and will be removed in the next major version. Use MultiJson.adapter instead.
/Users/bessey/Repos/sngtrkr/vendor/cache/ruby/1.9.1/gems/resque-1.20.0/lib/resque/helpers.rb:5:in `<top (required)>': [DEPRECATION] MultiJson.engine is deprecated and will be removed in the next major version. Use MultiJson.adapter instead.
/Users/bessey/Repos/sngtrkr/vendor/cache/ruby/1.9.1/gems/resque-1.20.0/lib/resque/helpers.rb:5:in `<top (required)>': [DEPRECATION] MultiJson.engine is deprecated and will be removed in the next major version. Use MultiJson.adapter instead.
/Users/bessey/Repos/sngtrkr/vendor/cache/ruby/1.9.1/gems/resque-1.20.0/lib/resque/helpers.rb:5:in `<top (required)>': [DEPRECATION] MultiJson.engine is deprecated and will be removed in the next major version. Use MultiJson.adapter instead.
/Users/bessey/Repos/sngtrkr/vendor/cache/ruby/1.9.1/gems/resque-1.20.0/lib/resque/helpers.rb:5:in `<top (required)>': [DEPRECATION] MultiJson.engine is deprecated and will be removed in the next major version. Use MultiJson.adapter instead.
