7digital scrape failed for release by 'Fiftyone27'
7digital scrape failed for release by '5-HT'
7digital scrape failed for release by 'jellyfishboy'
7digital scrape failed for release by 'Fiftyone27'
7digital scrape failed for release by '5-HT'
7digital scrape failed for release by 'jellyfishboy'
7digital scrape failed for release by 'Dubnium_Music'
7digital scrape failed for release by 'Fiftyone27'
7digital scrape failed for release by '5-HT'
7digital scrape failed for release by 'jellyfishboy'
7digital scrape failed for release by 'Dubnium_Music'
7digital scrape failed for release by 'Fiftyone27'
7digital scrape failed for release by '5-HT'
7digital scrape failed for release by 'jellyfishboy'
7digital scrape failed for release by 'Dubnium_Music'
7digital scrape failed for release by 'Fiftyone27'
7digital scrape failed for release by 'Fiftyone27'
7digital scrape failed for release by '5-HT'
7digital scrape failed for release by 'jellyfishboy'
7digital scrape failed for release by 'Dubnium_Music'
7digital scrape failed for release by 'KillaGraham'
7digital scrape failed for release by 'Cutline'
7digital scrape failed for release by 'Fiftyone27'
7digital scrape failed for release by 'Bar9'
7digital scrape failed for release by 'Grumblex'
